[INFO] 2019-08-22 11:55:37 - Starting div with logs...
[INFO] 2019-08-22 11:55:37 - createAuxiliaryEngine: A new divengine\div instance will be created ...
[INFO] 2019-08-22 11:55:37 - TPL-ID: 3 > Building instance #3 of divengine\div...
[INFO] 2019-08-22 11:55:37 - TPL-ID: 2 > Parsing all...
[INFO] 2019-08-22 11:55:37 - TPL-ID: 2 > Parsing from the original source
[INFO] 2019-08-22 11:55:37 - TPL-ID: 2 > Template | size: 7
[INFO] 2019-08-22 11:55:37 - TPL-ID: 2 > Template [checksum=2475169066]: src\cmp
[INFO] 2019-08-22 11:55:37 - TPL-ID: 2 > Parsing orphan parts...
[INFO] 2019-08-22 11:55:37 - TPL-ID: 2 > Template | size: 7
[INFO] 2019-08-22 11:55:37 - TPL-ID: 2 > Template [checksum=2475169066]: src\cmp
[INFO] 2019-08-22 11:55:37 - TPL-ID: 2 > Parsing orphan parts...
[INFO] 2019-08-22 11:55:37 - TPL-ID: 2 > Parser duration: 0.00975 secs
[INFO] 2019-08-22 11:55:37 - TPL-ID: 1 > Destroying the instance #1
[INFO] 2019-08-22 11:55:37 - TPL-ID: 2 > Destroying the instance #2
[INFO] 2019-08-22 11:55:37 - TPL-ID: 3 > Destroying the instance #3
[INFO] 2019-08-22 11:56:05 - Starting div with logs...
[INFO] 2019-08-22 11:56:05 - createAuxiliaryEngine: A new divengine\div instance will be created ...
[INFO] 2019-08-22 11:56:05 - TPL-ID: 3 > Building instance #3 of divengine\div...
[INFO] 2019-08-22 11:56:05 - TPL-ID: 2 > Parsing all...
[INFO] 2019-08-22 11:56:05 - TPL-ID: 2 > Parsing from the original source
[INFO] 2019-08-22 11:56:05 - TPL-ID: 2 > Template | size: 7
[INFO] 2019-08-22 11:56:05 - TPL-ID: 2 > Template [checksum=2475169066]: src\cmp
[INFO] 2019-08-22 11:56:05 - TPL-ID: 2 > Parsing orphan parts...
[INFO] 2019-08-22 11:56:05 - TPL-ID: 2 > Template | size: 7
[INFO] 2019-08-22 11:56:05 - TPL-ID: 2 > Template [checksum=2475169066]: src\cmp
[INFO] 2019-08-22 11:56:05 - TPL-ID: 2 > Parsing orphan parts...
[INFO] 2019-08-22 11:56:05 - TPL-ID: 2 > Parser duration: 0.00701 secs
[INFO] 2019-08-22 11:56:05 - TPL-ID: 1 > Destroying the instance #1
[INFO] 2019-08-22 11:56:05 - TPL-ID: 2 > Destroying the instance #2
[INFO] 2019-08-22 11:56:05 - TPL-ID: 3 > Destroying the instance #3
[INFO] 2019-08-22 11:56:14 - Starting div with logs...
[INFO] 2019-08-22 11:56:14 - createAuxiliaryEngine: A new divengine\div instance will be created ...
[INFO] 2019-08-22 11:56:14 - TPL-ID: 3 > Building instance #3 of divengine\div...
[INFO] 2019-08-22 11:56:14 - TPL-ID: 2 > Parsing all...
[INFO] 2019-08-22 11:56:14 - TPL-ID: 2 > Parsing from the original source
[INFO] 2019-08-22 11:56:14 - TPL-ID: 2 > Template | size: 7
[INFO] 2019-08-22 11:56:14 - TPL-ID: 2 > Template [checksum=2475169066]: src\cmp
[INFO] 2019-08-22 11:56:14 - TPL-ID: 2 > Parsing orphan parts...
[INFO] 2019-08-22 11:56:14 - TPL-ID: 2 > Template | size: 7
[INFO] 2019-08-22 11:56:14 - TPL-ID: 2 > Template [checksum=2475169066]: src\cmp
[INFO] 2019-08-22 11:56:14 - TPL-ID: 2 > Parsing orphan parts...
[INFO] 2019-08-22 11:56:14 - TPL-ID: 2 > Parser duration: 0.00623 secs
[INFO] 2019-08-22 11:56:14 - TPL-ID: 1 > Destroying the instance #1
[INFO] 2019-08-22 11:56:14 - TPL-ID: 2 > Destroying the instance #2
[INFO] 2019-08-22 11:56:15 - TPL-ID: 3 > Destroying the instance #3
[INFO] 2019-08-22 11:56:31 - Starting div with logs...
[INFO] 2019-08-22 11:56:31 - createAuxiliaryEngine: A new divengine\div instance will be created ...
[INFO] 2019-08-22 11:56:31 - TPL-ID: 3 > Building instance #3 of divengine\div...
[INFO] 2019-08-22 11:56:31 - TPL-ID: 2 > Parsing all...
[INFO] 2019-08-22 11:56:31 - TPL-ID: 2 > Parsing from the original source
[INFO] 2019-08-22 11:56:31 - TPL-ID: 2 > Template | size: 7
[INFO] 2019-08-22 11:56:31 - TPL-ID: 2 > Template [checksum=2475169066]: src\cmp
[INFO] 2019-08-22 11:56:31 - TPL-ID: 2 > Parsing orphan parts...
[INFO] 2019-08-22 11:56:31 - TPL-ID: 2 > Template | size: 7
[INFO] 2019-08-22 11:56:31 - TPL-ID: 2 > Template [checksum=2475169066]: src\cmp
[INFO] 2019-08-22 11:56:31 - TPL-ID: 2 > Parsing orphan parts...
[INFO] 2019-08-22 11:56:31 - TPL-ID: 2 > Parser duration: 0.00694 secs
[INFO] 2019-08-22 11:56:31 - TPL-ID: 1 > Destroying the instance #1
[INFO] 2019-08-22 11:56:31 - TPL-ID: 2 > Destroying the instance #2
[INFO] 2019-08-22 11:56:31 - TPL-ID: 3 > Destroying the instance #3
[INFO] 2019-08-22 11:56:46 - Starting div with logs...
[INFO] 2019-08-22 11:56:46 - createAuxiliaryEngine: A new divengine\div instance will be created ...
[INFO] 2019-08-22 11:56:46 - TPL-ID: 3 > Building instance #3 of divengine\div...
[INFO] 2019-08-22 11:56:46 - TPL-ID: 2 > Parsing all...
[INFO] 2019-08-22 11:56:46 - TPL-ID: 2 > Parsing from the original source
[INFO] 2019-08-22 11:56:46 - TPL-ID: 2 > Template | size: 7
[INFO] 2019-08-22 11:56:46 - TPL-ID: 2 > Template [checksum=2475169066]: src\cmp
[INFO] 2019-08-22 11:56:46 - TPL-ID: 2 > Parsing orphan parts...
[INFO] 2019-08-22 11:56:46 - TPL-ID: 2 > Template | size: 7
[INFO] 2019-08-22 11:56:46 - TPL-ID: 2 > Template [checksum=2475169066]: src\cmp
[INFO] 2019-08-22 11:56:46 - TPL-ID: 2 > Parsing orphan parts...
[INFO] 2019-08-22 11:56:46 - TPL-ID: 2 > Parser duration: 0.00617 secs
[INFO] 2019-08-22 11:56:46 - TPL-ID: 1 > Destroying the instance #1
[INFO] 2019-08-22 11:56:46 - TPL-ID: 2 > Destroying the instance #2
[INFO] 2019-08-22 11:56:46 - TPL-ID: 3 > Destroying the instance #3
